\BOOKMARK [1][-]{section.1}{\376\377\137\025\212\000}{}% 1
\BOOKMARK [1][-]{section.2}{\376\377\166\370\121\163\135\345\117\134}{}% 2
\BOOKMARK [2][-]{subsection.2.1}{\376\377\121\167\216\253\116\016\137\000\145\076\137\017\213\304\155\113}{section.2}% 3
\BOOKMARK [2][-]{subsection.2.2}{\376\377\127\072\146\157\126\376\116\016\225\177\172\013\147\072\126\150\116\272\211\304\122\022}{section.2}% 4
\BOOKMARK [2][-]{subsection.2.3}{\376\377\116\272\174\173\116\055\137\303\116\016\116\367\120\074\141\037\167\345\146\172\200\375\117\123\213\304\155\113}{section.2}% 5
\BOOKMARK [1][-]{section.3}{\376\377\145\271\154\325}{}% 6
\BOOKMARK [2][-]{subsection.3.1}{\376\377\225\356\230\230\133\232\116\111\377\032\116\272\147\072\116\026\165\114\121\161\165\037}{section.3}% 7
\BOOKMARK [2][-]{subsection.3.2}{\376\377\122\250\140\001\126\376\116\026\165\114}{section.3}% 8
\BOOKMARK [2][-]{subsection.3.3}{\376\377\116\272\174\173\116\213\116\366\152\041\127\213}{section.3}% 9
\BOOKMARK [2][-]{subsection.3.4}{\376\377\122\250\117\134\000\040\000S\000c\000h\000e\000m\000a\000\040\116\016\124\010\154\325\140\047}{section.3}% 10
\BOOKMARK [2][-]{subsection.3.5}{\376\377\000A\000g\000e\000n\000t\000\040\145\271\154\325}{section.3}% 11
\BOOKMARK [2][-]{subsection.3.6}{\376\377\213\304\122\006}{section.3}% 12
\BOOKMARK [1][-]{section.4}{\376\377\133\236\232\214}{}% 13
\BOOKMARK [2][-]{subsection.4.1}{\376\377\133\236\232\214\213\276\177\156}{section.4}% 14
\BOOKMARK [2][-]{subsection.4.2}{\376\377\116\073\133\236\232\214\377\032\000A\000g\000e\000n\000t\000\040\146\057\124\046\200\375\172\063\133\232\121\161\165\037\225\355\163\257}{section.4}% 15
\BOOKMARK [2][-]{subsection.4.3}{\376\377\116\272\174\173\226\073\130\136\140\142\131\015\213\312\145\255}{section.4}% 16
\BOOKMARK [2][-]{subsection.4.4}{\376\377\147\204\137\365\147\011\145\110\140\047\377\032\211\304\122\031\214\003\136\246\127\372\176\277}{section.4}% 17
\BOOKMARK [2][-]{subsection.4.5}{\376\377\152\041\127\213\116\073\136\162\210\145\121\105\133\236\232\214\377\032\124\014\116\000\173\126\165\145\146\057\124\046\123\327\152\041\127\213\200\375\122\233\137\161\124\315}{section.4}% 18
\BOOKMARK [2][-]{subsection.4.6}{\376\377\131\032\150\067\140\047\133\236\232\214\377\032\000G\000r\000a\000p\000h\000\040\000P\000r\000o\000f\000i\000l\000e\000\040\146\057\124\046\142\311\137\000\226\276\136\246}{section.4}% 19
\BOOKMARK [2][-]{subsection.4.7}{\376\377\145\345\172\013\226\217\147\072\140\047\133\236\232\214\377\032\142\160\122\250\152\041\137\017\146\057\124\046\137\161\124\315\145\271\154\325\210\150\163\260}{section.4}% 20
\BOOKMARK [2][-]{subsection.4.8}{\376\377\000A\000g\000e\000n\000t\000\040\210\114\116\072\152\041\137\017}{section.4}% 21
\BOOKMARK [2][-]{subsection.4.9}{\376\377\131\061\215\045\122\006\147\220\377\032\116\072\116\300\116\110\163\260\147\011\000\040\000A\000g\000e\000n\000t\000\040\116\315\161\066\116\015\131\037}{section.4}% 22
\BOOKMARK [1][-]{section.5}{\376\377\213\250\213\272}{}% 23
\BOOKMARK [1][-]{section.6}{\376\377\176\323\213\272}{}% 24
\BOOKMARK [1][-]{section*.1}{\376\377\123\302\200\003\145\207\163\056}{}% 25
